2026-06-14 13:48:21 INFO  [Test worker] d.project.ProjectApplicationTests - Starting ProjectApplicationTests using Java 21.0.11 with PID 4092 (started by admin in D:\code\Rest API\project)
2026-06-14 13:48:21 INFO  [Test worker] d.project.ProjectApplicationTests - The following 1 profile is active: "dev"
2026-06-14 13:48:23 INFO  [Test worker] o.s.d.r.c.RepositoryConfigurationDelegate - Multiple Spring Data modules found, entering strict repository configuration mode
2026-06-14 13:48:23 INFO  [Test worker] o.s.d.r.c.RepositoryConfigurationDelegate - Bootstrapping Spring Data JPA repositories in DEFAULT mode.
2026-06-14 13:48:23 INFO  [Test worker] o.s.d.r.c.RepositoryConfigurationDelegate - Finished Spring Data repository scanning in 327 ms. Found 8 JPA repository interfaces.
2026-06-14 13:48:23 INFO  [Test worker] o.s.d.r.c.RepositoryConfigurationDelegate - Multiple Spring Data modules found, entering strict repository configuration mode
2026-06-14 13:48:23 INFO  [Test worker] o.s.d.r.c.RepositoryConfigurationDelegate - Bootstrapping Spring Data Redis repositories in DEFAULT mode.
2026-06-14 13:48:23 INFO  [Test worker] o.s.d.r.c.RepositoryConfigurationExtensionSupport - Spring Data Redis - Could not safely identify store assignment for repository candidate interface demo.project.repository.BadmintonClusterRepository; If you want this repository to be a Redis repository, consider annotating your entities with one of these annotations: org.springframework.data.redis.core.RedisHash (preferred), or consider extending one of the following types with your repository: org.springframework.data.keyvalue.repository.KeyValueRepository
2026-06-14 13:48:23 INFO  [Test worker] o.s.d.r.c.RepositoryConfigurationExtensionSupport - Spring Data Redis - Could not safely identify store assignment for repository candidate interface demo.project.repository.BookingRepository; If you want this repository to be a Redis repository, consider annotating your entities with one of these annotations: org.springframework.data.redis.core.RedisHash (preferred), or consider extending one of the following types with your repository: org.springframework.data.keyvalue.repository.KeyValueRepository
2026-06-14 13:48:23 INFO  [Test worker] o.s.d.r.c.RepositoryConfigurationExtensionSupport - Spring Data Redis - Could not safely identify store assignment for repository candidate interface demo.project.repository.CourtImageRepository; If you want this repository to be a Redis repository, consider annotating your entities with one of these annotations: org.springframework.data.redis.core.RedisHash (preferred), or consider extending one of the following types with your repository: org.springframework.data.keyvalue.repository.KeyValueRepository
2026-06-14 13:48:23 INFO  [Test worker] o.s.d.r.c.RepositoryConfigurationExtensionSupport - Spring Data Redis - Could not safely identify store assignment for repository candidate interface demo.project.repository.CourtRepository; If you want this repository to be a Redis repository, consider annotating your entities with one of these annotations: org.springframework.data.redis.core.RedisHash (preferred), or consider extending one of the following types with your repository: org.springframework.data.keyvalue.repository.KeyValueRepository
2026-06-14 13:48:23 INFO  [Test worker] o.s.d.r.c.RepositoryConfigurationExtensionSupport - Spring Data Redis - Could not safely identify store assignment for repository candidate interface demo.project.repository.PasswordResetOtpRepository; If you want this repository to be a Redis repository, consider annotating your entities with one of these annotations: org.springframework.data.redis.core.RedisHash (preferred), or consider extending one of the following types with your repository: org.springframework.data.keyvalue.repository.KeyValueRepository
2026-06-14 13:48:23 INFO  [Test worker] o.s.d.r.c.RepositoryConfigurationExtensionSupport - Spring Data Redis - Could not safely identify store assignment for repository candidate interface demo.project.repository.RefreshTokenRepository; If you want this repository to be a Redis repository, consider annotating your entities with one of these annotations: org.springframework.data.redis.core.RedisHash (preferred), or consider extending one of the following types with your repository: org.springframework.data.keyvalue.repository.KeyValueRepository
2026-06-14 13:48:23 INFO  [Test worker] o.s.d.r.c.RepositoryConfigurationExtensionSupport - Spring Data Redis - Could not safely identify store assignment for repository candidate interface demo.project.repository.TokenBlacklistRepository; If you want this repository to be a Redis repository, consider annotating your entities with one of these annotations: org.springframework.data.redis.core.RedisHash (preferred), or consider extending one of the following types with your repository: org.springframework.data.keyvalue.repository.KeyValueRepository
2026-06-14 13:48:23 INFO  [Test worker] o.s.d.r.c.RepositoryConfigurationExtensionSupport - Spring Data Redis - Could not safely identify store assignment for repository candidate interface demo.project.repository.UserRepository; If you want this repository to be a Redis repository, consider annotating your entities with one of these annotations: org.springframework.data.redis.core.RedisHash (preferred), or consider extending one of the following types with your repository: org.springframework.data.keyvalue.repository.KeyValueRepository
2026-06-14 13:48:23 INFO  [Test worker] o.s.d.r.c.RepositoryConfigurationDelegate - Finished Spring Data repository scanning in 46 ms. Found 0 Redis repository interfaces.
2026-06-14 13:48:25 INFO  [Test worker] org.hibernate.orm.jpa - HHH008540: Processing PersistenceUnitInfo [name: default]
2026-06-14 13:48:25 INFO  [Test worker] org.hibernate.orm.core - HHH000001: Hibernate ORM core version 7.2.12.Final
2026-06-14 13:48:26 INFO  [Test worker] o.s.o.j.p.SpringPersistenceUnitInfo - No LoadTimeWeaver setup: ignoring JPA class transformer
2026-06-14 13:48:26 INFO  [Test worker] com.zaxxer.hikari.HikariDataSource - HikariPool-1 - Starting...
2026-06-14 13:48:27 INFO  [Test worker] com.zaxxer.hikari.pool.HikariPool - HikariPool-1 - Added connection com.mysql.cj.jdbc.ConnectionImpl@ff12b53
2026-06-14 13:48:27 INFO  [Test worker] com.zaxxer.hikari.HikariDataSource - HikariPool-1 - Start completed.
2026-06-14 13:48:27 WARN  [Test worker] org.hibernate.orm.deprecation - HHH90000025: MySQLDialect does not need to be specified explicitly using 'hibernate.dialect' (remove the property setting and it will be selected by default)
2026-06-14 13:48:27 INFO  [Test worker] o.hibernate.orm.connections.pooling - HHH10001005: Database info:
	Database JDBC URL [jdbc:mysql://localhost:3306/restfullproject?createDatabaseIfNotExist=true]
	Database driver: MySQL Connector/J
	Database dialect: MySQLDialect
	Database version: 8.0.46
	Default catalog/schema: restfullproject/undefined
	Autocommit mode: undefined/unknown
	Isolation level: REPEATABLE_READ [default REPEATABLE_READ]
	JDBC fetch size: none
	Pool: DataSourceConnectionProvider
	Minimum pool size: undefined/unknown
	Maximum pool size: undefined/unknown
2026-06-14 13:48:29 INFO  [Test worker] org.hibernate.orm.core - HHH000489: No JTA platform available (set 'hibernate.transaction.jta.platform' to enable JTA platform integration)
2026-06-14 13:48:29 INFO  [Test worker] o.s.o.j.LocalContainerEntityManagerFactoryBean - Initialized JPA EntityManagerFactory for persistence unit 'default'
2026-06-14 13:48:29 INFO  [Test worker] o.s.d.j.r.q.QueryEnhancerFactories - Hibernate is in classpath; If applicable, HQL parser will be used.
2026-06-14 13:48:32 INFO  [Test worker] o.s.s.c.a.a.c.InitializeAuthenticationProviderBeanManagerConfigurer$InitializeAuthenticationProviderManagerConfigurer - Global AuthenticationManager configured with AuthenticationProvider bean with name authenticationProvider
2026-06-14 13:48:32 WARN  [Test worker] o.s.s.c.a.a.c.InitializeUserDetailsBeanManagerConfigurer$InitializeUserDetailsManagerConfigurer - Global AuthenticationManager configured with an AuthenticationProvider bean. UserDetailsService beans will not be used by Spring Security for automatically configuring username/password login. Consider removing the AuthenticationProvider bean. Alternatively, consider using the UserDetailsService in a manually instantiated DaoAuthenticationProvider. If the current configuration is intentional, to turn off this warning, increase the logging level of 'org.springframework.security.config.annotation.authentication.configuration.InitializeUserDetailsBeanManagerConfigurer' to ERROR
2026-06-14 13:48:32 WARN  [Test worker] o.s.b.j.a.JpaBaseConfiguration$JpaWebConfiguration - spring.jpa.open-in-view is enabled by default. Therefore, database queries may be performed during view rendering. Explicitly configure spring.jpa.open-in-view to disable this warning
2026-06-14 13:48:34 INFO  [Test worker] d.project.ProjectApplicationTests - Started ProjectApplicationTests in 13.346 seconds (process running for 16.352)
2026-06-14 13:48:38 INFO  [SpringApplicationShutdownHook] o.s.o.j.LocalContainerEntityManagerFactoryBean - Closing JPA EntityManagerFactory for persistence unit 'default'
2026-06-14 13:48:38 INFO  [SpringApplicationShutdownHook] com.zaxxer.hikari.HikariDataSource - HikariPool-1 - Shutdown initiated...
2026-06-14 13:48:38 INFO  [SpringApplicationShutdownHook] com.zaxxer.hikari.HikariDataSource - HikariPool-1 - Shutdown completed.
2026-06-14 14:06:15 INFO  [Test worker] d.project.ProjectApplicationTests - Starting ProjectApplicationTests using Java 21.0.11 with PID 11680 (started by admin in D:\code\Rest API\project)
2026-06-14 14:06:15 INFO  [Test worker] d.project.ProjectApplicationTests - The following 1 profile is active: "dev"
2026-06-14 14:06:17 INFO  [Test worker] o.s.d.r.c.RepositoryConfigurationDelegate - Multiple Spring Data modules found, entering strict repository configuration mode
2026-06-14 14:06:17 INFO  [Test worker] o.s.d.r.c.RepositoryConfigurationDelegate - Bootstrapping Spring Data JPA repositories in DEFAULT mode.
2026-06-14 14:06:17 INFO  [Test worker] o.s.d.r.c.RepositoryConfigurationDelegate - Finished Spring Data repository scanning in 341 ms. Found 8 JPA repository interfaces.
2026-06-14 14:06:17 INFO  [Test worker] o.s.d.r.c.RepositoryConfigurationDelegate - Multiple Spring Data modules found, entering strict repository configuration mode
2026-06-14 14:06:17 INFO  [Test worker] o.s.d.r.c.RepositoryConfigurationDelegate - Bootstrapping Spring Data Redis repositories in DEFAULT mode.
2026-06-14 14:06:17 INFO  [Test worker] o.s.d.r.c.RepositoryConfigurationExtensionSupport - Spring Data Redis - Could not safely identify store assignment for repository candidate interface demo.project.repository.BadmintonClusterRepository; If you want this repository to be a Redis repository, consider annotating your entities with one of these annotations: org.springframework.data.redis.core.RedisHash (preferred), or consider extending one of the following types with your repository: org.springframework.data.keyvalue.repository.KeyValueRepository
2026-06-14 14:06:17 INFO  [Test worker] o.s.d.r.c.RepositoryConfigurationExtensionSupport - Spring Data Redis - Could not safely identify store assignment for repository candidate interface demo.project.repository.BookingRepository; If you want this repository to be a Redis repository, consider annotating your entities with one of these annotations: org.springframework.data.redis.core.RedisHash (preferred), or consider extending one of the following types with your repository: org.springframework.data.keyvalue.repository.KeyValueRepository
2026-06-14 14:06:17 INFO  [Test worker] o.s.d.r.c.RepositoryConfigurationExtensionSupport - Spring Data Redis - Could not safely identify store assignment for repository candidate interface demo.project.repository.CourtImageRepository; If you want this repository to be a Redis repository, consider annotating your entities with one of these annotations: org.springframework.data.redis.core.RedisHash (preferred), or consider extending one of the following types with your repository: org.springframework.data.keyvalue.repository.KeyValueRepository
2026-06-14 14:06:17 INFO  [Test worker] o.s.d.r.c.RepositoryConfigurationExtensionSupport - Spring Data Redis - Could not safely identify store assignment for repository candidate interface demo.project.repository.CourtRepository; If you want this repository to be a Redis repository, consider annotating your entities with one of these annotations: org.springframework.data.redis.core.RedisHash (preferred), or consider extending one of the following types with your repository: org.springframework.data.keyvalue.repository.KeyValueRepository
2026-06-14 14:06:17 INFO  [Test worker] o.s.d.r.c.RepositoryConfigurationExtensionSupport - Spring Data Redis - Could not safely identify store assignment for repository candidate interface demo.project.repository.PasswordResetOtpRepository; If you want this repository to be a Redis repository, consider annotating your entities with one of these annotations: org.springframework.data.redis.core.RedisHash (preferred), or consider extending one of the following types with your repository: org.springframework.data.keyvalue.repository.KeyValueRepository
2026-06-14 14:06:17 INFO  [Test worker] o.s.d.r.c.RepositoryConfigurationExtensionSupport - Spring Data Redis - Could not safely identify store assignment for repository candidate interface demo.project.repository.RefreshTokenRepository; If you want this repository to be a Redis repository, consider annotating your entities with one of these annotations: org.springframework.data.redis.core.RedisHash (preferred), or consider extending one of the following types with your repository: org.springframework.data.keyvalue.repository.KeyValueRepository
2026-06-14 14:06:18 INFO  [Test worker] o.s.d.r.c.RepositoryConfigurationExtensionSupport - Spring Data Redis - Could not safely identify store assignment for repository candidate interface demo.project.repository.TokenBlacklistRepository; If you want this repository to be a Redis repository, consider annotating your entities with one of these annotations: org.springframework.data.redis.core.RedisHash (preferred), or consider extending one of the following types with your repository: org.springframework.data.keyvalue.repository.KeyValueRepository
2026-06-14 14:06:18 INFO  [Test worker] o.s.d.r.c.RepositoryConfigurationExtensionSupport - Spring Data Redis - Could not safely identify store assignment for repository candidate interface demo.project.repository.UserRepository; If you want this repository to be a Redis repository, consider annotating your entities with one of these annotations: org.springframework.data.redis.core.RedisHash (preferred), or consider extending one of the following types with your repository: org.springframework.data.keyvalue.repository.KeyValueRepository
2026-06-14 14:06:18 INFO  [Test worker] o.s.d.r.c.RepositoryConfigurationDelegate - Finished Spring Data repository scanning in 20 ms. Found 0 Redis repository interfaces.
2026-06-14 14:06:19 INFO  [Test worker] org.hibernate.orm.jpa - HHH008540: Processing PersistenceUnitInfo [name: default]
2026-06-14 14:06:19 INFO  [Test worker] org.hibernate.orm.core - HHH000001: Hibernate ORM core version 7.2.12.Final
2026-06-14 14:06:20 INFO  [Test worker] o.s.o.j.p.SpringPersistenceUnitInfo - No LoadTimeWeaver setup: ignoring JPA class transformer
2026-06-14 14:06:20 INFO  [Test worker] com.zaxxer.hikari.HikariDataSource - HikariPool-1 - Starting...
2026-06-14 14:06:21 INFO  [Test worker] com.zaxxer.hikari.pool.HikariPool - HikariPool-1 - Added connection com.mysql.cj.jdbc.ConnectionImpl@5a25183b
2026-06-14 14:06:21 INFO  [Test worker] com.zaxxer.hikari.HikariDataSource - HikariPool-1 - Start completed.
2026-06-14 14:06:22 WARN  [Test worker] org.hibernate.orm.deprecation - HHH90000025: MySQLDialect does not need to be specified explicitly using 'hibernate.dialect' (remove the property setting and it will be selected by default)
2026-06-14 14:06:22 INFO  [Test worker] o.hibernate.orm.connections.pooling - HHH10001005: Database info:
	Database JDBC URL [jdbc:mysql://localhost:3306/restfullproject?createDatabaseIfNotExist=true]
	Database driver: MySQL Connector/J
	Database dialect: MySQLDialect
	Database version: 8.0.46
	Default catalog/schema: restfullproject/undefined
	Autocommit mode: undefined/unknown
	Isolation level: REPEATABLE_READ [default REPEATABLE_READ]
	JDBC fetch size: none
	Pool: DataSourceConnectionProvider
	Minimum pool size: undefined/unknown
	Maximum pool size: undefined/unknown
2026-06-14 14:06:25 INFO  [Test worker] org.hibernate.orm.core - HHH000489: No JTA platform available (set 'hibernate.transaction.jta.platform' to enable JTA platform integration)
2026-06-14 14:06:26 INFO  [Test worker] o.s.o.j.LocalContainerEntityManagerFactoryBean - Initialized JPA EntityManagerFactory for persistence unit 'default'
2026-06-14 14:06:26 INFO  [Test worker] o.s.d.j.r.q.QueryEnhancerFactories - Hibernate is in classpath; If applicable, HQL parser will be used.
2026-06-14 14:06:29 INFO  [Test worker] o.s.s.c.a.a.c.InitializeAuthenticationProviderBeanManagerConfigurer$InitializeAuthenticationProviderManagerConfigurer - Global AuthenticationManager configured with AuthenticationProvider bean with name authenticationProvider
2026-06-14 14:06:29 WARN  [Test worker] o.s.s.c.a.a.c.InitializeUserDetailsBeanManagerConfigurer$InitializeUserDetailsManagerConfigurer - Global AuthenticationManager configured with an AuthenticationProvider bean. UserDetailsService beans will not be used by Spring Security for automatically configuring username/password login. Consider removing the AuthenticationProvider bean. Alternatively, consider using the UserDetailsService in a manually instantiated DaoAuthenticationProvider. If the current configuration is intentional, to turn off this warning, increase the logging level of 'org.springframework.security.config.annotation.authentication.configuration.InitializeUserDetailsBeanManagerConfigurer' to ERROR
2026-06-14 14:06:29 WARN  [Test worker] o.s.b.j.a.JpaBaseConfiguration$JpaWebConfiguration - spring.jpa.open-in-view is enabled by default. Therefore, database queries may be performed during view rendering. Explicitly configure spring.jpa.open-in-view to disable this warning
2026-06-14 14:06:31 INFO  [Test worker] d.project.ProjectApplicationTests - Started ProjectApplicationTests in 16.697 seconds (process running for 20.635)
2026-06-14 14:06:35 INFO  [Test worker] o.s.mock.web.MockServletContext - Initializing Spring TestDispatcherServlet ''
2026-06-14 14:06:35 INFO  [Test worker] o.s.t.w.s.TestDispatcherServlet - Initializing Servlet ''
2026-06-14 14:06:35 INFO  [Test worker] o.s.t.w.s.TestDispatcherServlet - Completed initialization in 1 ms
2026-06-14 14:06:36 WARN  [Test worker] o.s.w.s.m.s.DefaultHandlerExceptionResolver - Resolved [org.springframework.web.bind.MethodArgumentNotValidException: Validation failed for argument [0] in public org.springframework.http.ResponseEntity<demo.project.dto.response.ApiResponse<demo.project.dto.response.UserResponse>> demo.project.controller.AdminUserController.create(demo.project.dto.request.UserUpsertRequest) with 3 errors: [Field error in object 'userUpsertRequest' on field 'email': rejected value [wrong-email]; codes [Email.userUpsertRequest.email,Email.email,Email.java.lang.String,Email]; arguments [org.springframework.context.support.DefaultMessageSourceResolvable: codes [userUpsertRequest.email,email]; arguments []; default message [email],[Ljakarta.validation.constraints.Pattern$Flag;@5588ca1d,.*]; default message [must be a well-formed email address]] [Field error in object 'userUpsertRequest' on field 'username': rejected value [abc]; codes [Size.userUpsertRequest.username,Size.username,Size.java.lang.String,Size]; arguments [org.springframework.context.support.DefaultMessageSourceResolvable: codes [userUpsertRequest.username,username]; arguments []; default message [username],50,4]; default message [size must be between 4 and 50]] [Field error in object 'userUpsertRequest' on field 'password': rejected value [123]; codes [Size.userUpsertRequest.password,Size.password,Size.java.lang.String,Size]; arguments [org.springframework.context.support.DefaultMessageSourceResolvable: codes [userUpsertRequest.password,password]; arguments []; default message [password],255,6]; default message [size must be between 6 and 255]] ]
2026-06-14 14:06:36 INFO  [Test worker] o.s.mock.web.MockServletContext - Initializing Spring TestDispatcherServlet ''
2026-06-14 14:06:36 INFO  [Test worker] o.s.t.w.s.TestDispatcherServlet - Initializing Servlet ''
2026-06-14 14:06:36 INFO  [Test worker] o.s.t.w.s.TestDispatcherServlet - Completed initialization in 0 ms
2026-06-14 14:06:36 INFO  [Test worker] o.s.mock.web.MockServletContext - Initializing Spring TestDispatcherServlet ''
2026-06-14 14:06:36 INFO  [Test worker] o.s.t.w.s.TestDispatcherServlet - Initializing Servlet ''
2026-06-14 14:06:36 INFO  [Test worker] o.s.t.w.s.TestDispatcherServlet - Completed initialization in 0 ms
2026-06-14 14:06:36 INFO  [Test worker] o.s.mock.web.MockServletContext - Initializing Spring TestDispatcherServlet ''
2026-06-14 14:06:36 INFO  [Test worker] o.s.t.w.s.TestDispatcherServlet - Initializing Servlet ''
2026-06-14 14:06:36 INFO  [Test worker] o.s.t.w.s.TestDispatcherServlet - Completed initialization in 1 ms
2026-06-14 14:06:36 INFO  [Test worker] o.s.mock.web.MockServletContext - Initializing Spring TestDispatcherServlet ''
2026-06-14 14:06:36 INFO  [Test worker] o.s.t.w.s.TestDispatcherServlet - Initializing Servlet ''
2026-06-14 14:06:36 INFO  [Test worker] o.s.t.w.s.TestDispatcherServlet - Completed initialization in 0 ms
2026-06-14 14:06:39 INFO  [SpringApplicationShutdownHook] o.s.o.j.LocalContainerEntityManagerFactoryBean - Closing JPA EntityManagerFactory for persistence unit 'default'
2026-06-14 14:06:39 INFO  [SpringApplicationShutdownHook] com.zaxxer.hikari.HikariDataSource - HikariPool-1 - Shutdown initiated...
2026-06-14 14:06:39 INFO  [SpringApplicationShutdownHook] com.zaxxer.hikari.HikariDataSource - HikariPool-1 - Shutdown completed.
